mode: set
rest-api-assignment/handler/gacha_handler.go:26.62,30.2 1 1
rest-api-assignment/handler/gacha_handler.go:32.50,37.16 3 0
rest-api-assignment/handler/gacha_handler.go:42.2,48.16 3 0
rest-api-assignment/handler/gacha_handler.go:53.2,58.51 2 0
rest-api-assignment/handler/gacha_handler.go:37.16,40.3 2 0
rest-api-assignment/handler/gacha_handler.go:48.16,51.3 2 0
rest-api-assignment/handler/gacha_handler.go:61.53,66.48 4 0
rest-api-assignment/handler/gacha_handler.go:71.2,73.16 2 0
rest-api-assignment/handler/gacha_handler.go:78.2,85.16 3 0
rest-api-assignment/handler/gacha_handler.go:90.2,93.52 3 0
rest-api-assignment/handler/gacha_handler.go:66.48,69.3 2 0
rest-api-assignment/handler/gacha_handler.go:73.16,76.3 2 0
rest-api-assignment/handler/gacha_handler.go:85.16,88.3 2 0
rest-api-assignment/handler/transaction_handler.go:32.80,36.2 1 1
rest-api-assignment/handler/transaction_handler.go:38.66,46.16 5 0
rest-api-assignment/handler/transaction_handler.go:51.2,54.16 3 0
rest-api-assignment/handler/transaction_handler.go:59.2,60.16 2 0
rest-api-assignment/handler/transaction_handler.go:65.2,66.16 2 0
rest-api-assignment/handler/transaction_handler.go:71.2,71.34 1 0
rest-api-assignment/handler/transaction_handler.go:84.2,87.52 3 0
rest-api-assignment/handler/transaction_handler.go:46.16,49.3 2 0
rest-api-assignment/handler/transaction_handler.go:54.16,57.3 2 0
rest-api-assignment/handler/transaction_handler.go:60.16,63.3 2 0
rest-api-assignment/handler/transaction_handler.go:66.16,69.3 2 0
rest-api-assignment/handler/transaction_handler.go:71.34,82.3 2 0
rest-api-assignment/handler/transaction_handler.go:90.53,97.16 5 1
rest-api-assignment/handler/transaction_handler.go:102.2,104.48 2 1
rest-api-assignment/handler/transaction_handler.go:109.2,117.16 3 1
rest-api-assignment/handler/transaction_handler.go:122.2,124.52 2 1
rest-api-assignment/handler/transaction_handler.go:97.16,100.3 2 0
rest-api-assignment/handler/transaction_handler.go:104.48,107.3 2 0
rest-api-assignment/handler/transaction_handler.go:117.16,120.3 2 0
rest-api-assignment/handler/transaction_handler.go:127.56,132.48 4 0
rest-api-assignment/handler/transaction_handler.go:137.2,139.16 2 0
rest-api-assignment/handler/transaction_handler.go:144.2,153.16 3 0
rest-api-assignment/handler/transaction_handler.go:158.2,160.50 2 0
rest-api-assignment/handler/transaction_handler.go:132.48,135.3 2 0
rest-api-assignment/handler/transaction_handler.go:139.16,142.3 2 0
rest-api-assignment/handler/transaction_handler.go:153.16,156.3 2 0
rest-api-assignment/handler/transaction_handler.go:163.125,166.16 3 0
rest-api-assignment/handler/transaction_handler.go:170.2,172.17 3 0
rest-api-assignment/handler/transaction_handler.go:176.2,178.18 3 0
rest-api-assignment/handler/transaction_handler.go:182.2,185.17 4 0
rest-api-assignment/handler/transaction_handler.go:195.2,197.15 3 0
rest-api-assignment/handler/transaction_handler.go:207.2,209.18 3 0
rest-api-assignment/handler/transaction_handler.go:219.2,221.17 3 0
rest-api-assignment/handler/transaction_handler.go:231.2,231.12 1 0
rest-api-assignment/handler/transaction_handler.go:166.16,168.3 1 0
rest-api-assignment/handler/transaction_handler.go:172.17,174.3 1 0
rest-api-assignment/handler/transaction_handler.go:178.18,180.3 1 0
rest-api-assignment/handler/transaction_handler.go:185.17,188.17 2 0
rest-api-assignment/handler/transaction_handler.go:192.3,192.23 1 0
rest-api-assignment/handler/transaction_handler.go:188.17,190.4 1 0
rest-api-assignment/handler/transaction_handler.go:197.15,200.17 2 0
rest-api-assignment/handler/transaction_handler.go:204.3,204.19 1 0
rest-api-assignment/handler/transaction_handler.go:200.17,202.4 1 0
rest-api-assignment/handler/transaction_handler.go:209.18,212.17 2 0
rest-api-assignment/handler/transaction_handler.go:216.3,216.29 1 0
rest-api-assignment/handler/transaction_handler.go:212.17,214.4 1 0
rest-api-assignment/handler/transaction_handler.go:221.17,224.17 2 0
rest-api-assignment/handler/transaction_handler.go:228.3,228.31 1 0
rest-api-assignment/handler/transaction_handler.go:224.17,226.4 1 0
rest-api-assignment/handler/transaction_handler.go:234.126,235.71 1 0
rest-api-assignment/handler/transaction_handler.go:239.2,239.53 1 0
rest-api-assignment/handler/transaction_handler.go:243.2,243.12 1 0
rest-api-assignment/handler/transaction_handler.go:235.71,237.3 1 0
rest-api-assignment/handler/transaction_handler.go:239.53,241.3 1 0
rest-api-assignment/handler/user_handler.go:29.59,33.2 1 1
rest-api-assignment/handler/user_handler.go:35.51,40.44 4 1
rest-api-assignment/handler/user_handler.go:45.2,53.16 3 1
rest-api-assignment/handler/user_handler.go:58.2,63.51 2 1
rest-api-assignment/handler/user_handler.go:40.44,43.3 2 0
rest-api-assignment/handler/user_handler.go:53.16,56.3 2 0
rest-api-assignment/handler/user_handler.go:66.46,70.45 3 1
rest-api-assignment/handler/user_handler.go:75.2,82.16 3 1
rest-api-assignment/handler/user_handler.go:87.2,91.51 2 1
rest-api-assignment/handler/user_handler.go:70.45,73.3 2 0
rest-api-assignment/handler/user_handler.go:82.16,85.3 2 0
rest-api-assignment/handler/user_handler.go:94.51,100.16 4 1
rest-api-assignment/handler/user_handler.go:105.2,111.16 3 1
rest-api-assignment/handler/user_handler.go:116.2,121.52 5 1
rest-api-assignment/handler/user_handler.go:100.16,103.3 2 0
rest-api-assignment/handler/user_handler.go:111.16,114.3 2 0
rest-api-assignment/handler/user_handler.go:124.55,129.48 4 1
rest-api-assignment/handler/user_handler.go:134.2,140.16 3 1
rest-api-assignment/handler/user_handler.go:145.2,148.52 3 1
rest-api-assignment/handler/user_handler.go:129.48,132.3 2 0
rest-api-assignment/handler/user_handler.go:140.16,143.3 2 0
rest-api-assignment/handler/user_handler.go:151.54,156.48 3 0
rest-api-assignment/handler/user_handler.go:161.2,169.16 3 0
rest-api-assignment/handler/user_handler.go:174.2,174.77 1 0
rest-api-assignment/handler/user_handler.go:156.48,159.3 2 0
rest-api-assignment/handler/user_handler.go:169.16,172.3 2 0
rest-api-assignment/usecase/transaction_usecase.go:30.80,36.2 2 1
rest-api-assignment/usecase/transaction_usecase.go:38.162,47.16 3 1
rest-api-assignment/usecase/transaction_usecase.go:51.2,53.16 2 1
rest-api-assignment/usecase/transaction_usecase.go:57.2,61.20 4 1
rest-api-assignment/usecase/transaction_usecase.go:47.16,49.3 1 0
rest-api-assignment/usecase/transaction_usecase.go:53.16,55.3 1 0
rest-api-assignment/usecase/transaction_usecase.go:64.137,67.57 2 1
rest-api-assignment/usecase/transaction_usecase.go:71.2,79.16 3 1
rest-api-assignment/usecase/transaction_usecase.go:83.2,85.17 2 1
rest-api-assignment/usecase/transaction_usecase.go:67.57,69.3 1 0
rest-api-assignment/usecase/transaction_usecase.go:79.16,81.3 1 0
rest-api-assignment/usecase/transaction_usecase.go:88.113,89.77 1 1
rest-api-assignment/usecase/transaction_usecase.go:93.2,93.80 1 1
rest-api-assignment/usecase/transaction_usecase.go:97.2,97.12 1 1
rest-api-assignment/usecase/transaction_usecase.go:89.77,91.3 1 0
rest-api-assignment/usecase/transaction_usecase.go:93.80,95.3 1 0
rest-api-assignment/usecase/transaction_usecase.go:100.146,103.60 2 1
rest-api-assignment/usecase/transaction_usecase.go:107.2,116.16 3 1
rest-api-assignment/usecase/transaction_usecase.go:120.2,122.17 2 1
rest-api-assignment/usecase/transaction_usecase.go:103.60,105.3 1 1
rest-api-assignment/usecase/transaction_usecase.go:116.16,118.3 1 0
rest-api-assignment/usecase/transaction_usecase.go:125.119,126.80 1 1
rest-api-assignment/usecase/transaction_usecase.go:130.2,130.83 1 1
rest-api-assignment/usecase/transaction_usecase.go:134.2,134.66 1 1
rest-api-assignment/usecase/transaction_usecase.go:138.2,140.16 2 1
rest-api-assignment/usecase/transaction_usecase.go:144.2,144.15 1 1
rest-api-assignment/usecase/transaction_usecase.go:148.2,148.28 1 1
rest-api-assignment/usecase/transaction_usecase.go:152.2,158.16 3 1
rest-api-assignment/usecase/transaction_usecase.go:162.2,162.44 1 1
rest-api-assignment/usecase/transaction_usecase.go:166.2,166.12 1 1
rest-api-assignment/usecase/transaction_usecase.go:126.80,128.3 1 1
rest-api-assignment/usecase/transaction_usecase.go:130.83,132.3 1 1
rest-api-assignment/usecase/transaction_usecase.go:134.66,136.3 1 1
rest-api-assignment/usecase/transaction_usecase.go:140.16,142.3 1 0
rest-api-assignment/usecase/transaction_usecase.go:144.15,146.3 1 0
rest-api-assignment/usecase/transaction_usecase.go:148.28,150.3 1 0
rest-api-assignment/usecase/transaction_usecase.go:158.16,160.3 1 1
rest-api-assignment/usecase/transaction_usecase.go:162.44,164.3 1 0
rest-api-assignment/usecase/user_usecase.go:40.59,49.2 2 1
rest-api-assignment/usecase/user_usecase.go:51.128,54.56 2 1
rest-api-assignment/usecase/user_usecase.go:58.2,60.16 2 1
rest-api-assignment/usecase/user_usecase.go:64.2,72.16 3 1
rest-api-assignment/usecase/user_usecase.go:76.2,79.19 3 1
rest-api-assignment/usecase/user_usecase.go:54.56,56.3 1 1
rest-api-assignment/usecase/user_usecase.go:60.16,62.3 1 1
rest-api-assignment/usecase/user_usecase.go:72.16,74.3 1 1
rest-api-assignment/usecase/user_usecase.go:82.104,83.53 1 1
rest-api-assignment/usecase/user_usecase.go:87.2,87.53 1 1
rest-api-assignment/usecase/user_usecase.go:91.2,91.53 1 1
rest-api-assignment/usecase/user_usecase.go:95.2,95.12 1 1
rest-api-assignment/usecase/user_usecase.go:83.53,85.3 1 1
rest-api-assignment/usecase/user_usecase.go:87.53,89.3 1 1
rest-api-assignment/usecase/user_usecase.go:91.53,93.3 1 1
rest-api-assignment/usecase/user_usecase.go:98.125,101.55 2 1
rest-api-assignment/usecase/user_usecase.go:105.2,107.16 2 1
rest-api-assignment/usecase/user_usecase.go:111.2,111.15 1 1
rest-api-assignment/usecase/user_usecase.go:115.2,117.12 2 1
rest-api-assignment/usecase/user_usecase.go:121.2,121.16 1 1
rest-api-assignment/usecase/user_usecase.go:125.2,131.16 3 1
rest-api-assignment/usecase/user_usecase.go:135.2,137.19 2 1
rest-api-assignment/usecase/user_usecase.go:101.55,103.3 1 1
rest-api-assignment/usecase/user_usecase.go:107.16,109.3 1 1
rest-api-assignment/usecase/user_usecase.go:111.15,113.3 1 1
rest-api-assignment/usecase/user_usecase.go:117.12,119.3 1 1
rest-api-assignment/usecase/user_usecase.go:121.16,123.3 1 1
rest-api-assignment/usecase/user_usecase.go:131.16,133.3 1 1
rest-api-assignment/usecase/user_usecase.go:140.102,141.53 1 1
rest-api-assignment/usecase/user_usecase.go:145.2,145.53 1 1
rest-api-assignment/usecase/user_usecase.go:149.2,149.53 1 1
rest-api-assignment/usecase/user_usecase.go:153.2,153.12 1 1
rest-api-assignment/usecase/user_usecase.go:141.53,143.3 1 1
rest-api-assignment/usecase/user_usecase.go:145.53,147.3 1 1
rest-api-assignment/usecase/user_usecase.go:149.53,151.3 1 1
rest-api-assignment/usecase/user_usecase.go:156.136,161.16 3 1
rest-api-assignment/usecase/user_usecase.go:165.2,167.16 2 1
rest-api-assignment/usecase/user_usecase.go:171.2,176.17 5 1
rest-api-assignment/usecase/user_usecase.go:161.16,163.3 1 0
rest-api-assignment/usecase/user_usecase.go:167.16,169.3 1 0
rest-api-assignment/usecase/user_usecase.go:179.139,182.59 2 1
rest-api-assignment/usecase/user_usecase.go:186.2,188.16 2 1
rest-api-assignment/usecase/user_usecase.go:192.2,192.15 1 1
rest-api-assignment/usecase/user_usecase.go:196.2,198.16 2 1
rest-api-assignment/usecase/user_usecase.go:202.2,204.16 2 1
rest-api-assignment/usecase/user_usecase.go:208.2,216.16 3 1
rest-api-assignment/usecase/user_usecase.go:220.2,223.17 3 1
rest-api-assignment/usecase/user_usecase.go:182.59,184.3 1 0
rest-api-assignment/usecase/user_usecase.go:188.16,190.3 1 0
rest-api-assignment/usecase/user_usecase.go:192.15,194.3 1 0
rest-api-assignment/usecase/user_usecase.go:198.16,200.3 1 0
rest-api-assignment/usecase/user_usecase.go:204.16,206.3 1 0
rest-api-assignment/usecase/user_usecase.go:216.16,218.3 1 0
rest-api-assignment/usecase/user_usecase.go:226.111,227.52 1 1
rest-api-assignment/usecase/user_usecase.go:231.2,231.12 1 1
rest-api-assignment/usecase/user_usecase.go:227.52,229.3 1 0
rest-api-assignment/usecase/user_usecase.go:234.100,235.58 1 1
rest-api-assignment/usecase/user_usecase.go:239.2,241.16 2 1
rest-api-assignment/usecase/user_usecase.go:245.2,245.16 1 1
rest-api-assignment/usecase/user_usecase.go:249.2,251.16 2 1
rest-api-assignment/usecase/user_usecase.go:255.2,255.15 1 1
rest-api-assignment/usecase/user_usecase.go:259.2,259.28 1 1
rest-api-assignment/usecase/user_usecase.go:263.2,265.16 2 1
rest-api-assignment/usecase/user_usecase.go:269.2,273.16 3 1
rest-api-assignment/usecase/user_usecase.go:277.2,279.16 2 1
rest-api-assignment/usecase/user_usecase.go:283.2,283.12 1 1
rest-api-assignment/usecase/user_usecase.go:235.58,237.3 1 0
rest-api-assignment/usecase/user_usecase.go:241.16,243.3 1 0
rest-api-assignment/usecase/user_usecase.go:245.16,247.3 1 0
rest-api-assignment/usecase/user_usecase.go:251.16,253.3 1 0
rest-api-assignment/usecase/user_usecase.go:255.15,257.3 1 0
rest-api-assignment/usecase/user_usecase.go:259.28,261.3 1 0
rest-api-assignment/usecase/user_usecase.go:265.16,267.3 1 0
rest-api-assignment/usecase/user_usecase.go:273.16,275.3 1 0
rest-api-assignment/usecase/user_usecase.go:279.16,281.3 1 0
rest-api-assignment/usecase/user_usecase.go:286.109,287.52 1 1
rest-api-assignment/usecase/user_usecase.go:291.2,291.55 1 1
rest-api-assignment/usecase/user_usecase.go:295.2,295.54 1 1
rest-api-assignment/usecase/user_usecase.go:299.2,299.12 1 1
rest-api-assignment/usecase/user_usecase.go:287.52,289.3 1 0
rest-api-assignment/usecase/user_usecase.go:291.55,293.3 1 0
rest-api-assignment/usecase/user_usecase.go:295.54,297.3 1 0
rest-api-assignment/usecase/gacha_usecase.go:28.62,34.2 2 1
rest-api-assignment/usecase/gacha_usecase.go:36.122,41.16 3 1
rest-api-assignment/usecase/gacha_usecase.go:45.2,50.16 3 1
rest-api-assignment/usecase/gacha_usecase.go:54.2,58.17 3 1
rest-api-assignment/usecase/gacha_usecase.go:41.16,43.3 1 0
rest-api-assignment/usecase/gacha_usecase.go:50.16,52.3 1 0
rest-api-assignment/usecase/gacha_usecase.go:61.131,66.57 2 1
rest-api-assignment/usecase/gacha_usecase.go:70.2,78.16 4 1
rest-api-assignment/usecase/gacha_usecase.go:82.2,82.36 1 1
rest-api-assignment/usecase/gacha_usecase.go:104.2,104.17 1 1
rest-api-assignment/usecase/gacha_usecase.go:66.57,68.3 1 0
rest-api-assignment/usecase/gacha_usecase.go:78.16,80.3 1 0
rest-api-assignment/usecase/gacha_usecase.go:82.36,89.17 3 1
rest-api-assignment/usecase/gacha_usecase.go:89.17,91.4 1 0
rest-api-assignment/usecase/gacha_usecase.go:92.8,99.17 3 1
rest-api-assignment/usecase/gacha_usecase.go:99.17,101.4 1 0
rest-api-assignment/usecase/gacha_usecase.go:107.107,108.106 1 1
rest-api-assignment/usecase/gacha_usecase.go:112.2,112.12 1 1
rest-api-assignment/usecase/gacha_usecase.go:108.106,110.3 1 0
rest-api-assignment/usecase/gacha_usecase.go:116.69,118.2 1 1
rest-api-assignment/share/util/random_token_generator.go:17.53,18.41 1 1
rest-api-assignment/share/util/random_token_generator.go:22.2,22.37 1 1
rest-api-assignment/share/util/random_token_generator.go:18.41,20.3 1 1
rest-api-assignment/share/util/random_token_generator.go:25.53,27.2 1 1
rest-api-assignment/share/util/random_token_generator.go:29.76,36.30 4 1
rest-api-assignment/share/util/random_token_generator.go:40.2,40.29 1 1
rest-api-assignment/share/util/random_token_generator.go:36.30,38.3 1 1
rest-api-assignment/share/util/auth_token_generator.go:22.49,23.39 1 1
rest-api-assignment/share/util/auth_token_generator.go:27.2,27.35 1 1
rest-api-assignment/share/util/auth_token_generator.go:23.39,25.3 1 1
rest-api-assignment/share/util/auth_token_generator.go:30.50,32.2 1 1
rest-api-assignment/share/util/auth_token_generator.go:34.72,37.16 2 1
rest-api-assignment/share/util/auth_token_generator.go:41.2,56.16 5 1
rest-api-assignment/share/util/auth_token_generator.go:60.2,60.25 1 1
rest-api-assignment/share/util/auth_token_generator.go:37.16,39.3 1 0
rest-api-assignment/share/util/auth_token_generator.go:56.16,58.3 1 0
rest-api-assignment/share/util/auth_token_generator.go:63.81,65.83 2 1
rest-api-assignment/share/util/auth_token_generator.go:75.2,75.16 1 1
rest-api-assignment/share/util/auth_token_generator.go:79.2,80.25 2 1
rest-api-assignment/share/util/auth_token_generator.go:84.2,86.16 2 1
rest-api-assignment/share/util/auth_token_generator.go:90.2,94.16 3 1
rest-api-assignment/share/util/auth_token_generator.go:98.2,98.16 1 1
rest-api-assignment/share/util/auth_token_generator.go:65.83,66.63 1 1
rest-api-assignment/share/util/auth_token_generator.go:72.3,72.39 1 1
rest-api-assignment/share/util/auth_token_generator.go:66.63,68.4 1 0
rest-api-assignment/share/util/auth_token_generator.go:68.9,68.47 1 1
rest-api-assignment/share/util/auth_token_generator.go:68.47,70.4 1 0
rest-api-assignment/share/util/auth_token_generator.go:75.16,77.3 1 1
rest-api-assignment/share/util/auth_token_generator.go:80.25,82.3 1 0
rest-api-assignment/share/util/auth_token_generator.go:86.16,88.3 1 0
rest-api-assignment/share/util/auth_token_generator.go:94.16,96.3 1 0
rest-api-assignment/share/util/data_validator.go:11.39,13.2 1 1
rest-api-assignment/share/util/data_validator.go:15.58,18.2 2 1
rest-api-assignment/share/util/logger.go:11.25,12.20 1 1
rest-api-assignment/share/util/logger.go:16.2,16.16 1 1
rest-api-assignment/share/util/logger.go:12.20,14.3 1 1
rest-api-assignment/share/util/logger.go:30.25,32.2 1 1
rest-api-assignment/share/util/logger.go:37.56,39.2 1 1
rest-api-assignment/share/util/logger.go:41.55,43.2 1 1
rest-api-assignment/share/util/password_hasher.go:18.41,19.35 1 1
rest-api-assignment/share/util/password_hasher.go:23.2,23.31 1 1
rest-api-assignment/share/util/password_hasher.go:19.35,21.3 1 1
rest-api-assignment/share/util/password_hasher.go:26.42,28.2 1 1
rest-api-assignment/share/util/password_hasher.go:30.85,37.16 4 1
rest-api-assignment/share/util/password_hasher.go:41.2,41.20 1 1
rest-api-assignment/share/util/password_hasher.go:37.16,39.3 1 0
rest-api-assignment/share/util/password_hasher.go:45.104,53.16 5 1
rest-api-assignment/share/util/password_hasher.go:57.2,57.20 1 1
rest-api-assignment/share/util/password_hasher.go:53.16,55.3 1 1
